 UNITS:KCAL
                                                                       
 SPECIES    HF(298)  S(298)     CP300   CP400   CP500   CP600   CP800   CP1000  CP1500  DATE  REF           ELEMENTS 
 AR            .00    36.98     4.97    4.97    4.97    4.97    4.97    4.97    4.97          120186   AR  1     0     0     0 G 0
 H           52.10    27.39     4.97    4.97    4.97    4.97    4.97    4.97    4.97          120186   H   1     0     0     0 G 0
 H2            .00    31.21     6.90    6.96    7.00    7.02    7.07    7.21    7.73          121286   H   2     0     0     0 G 0
 HE            .00    30.12     4.97    4.97    4.97    4.97    4.97    4.97    4.97          120186   HE  1     0     0     0 g 0
 N2            .00    45.77     6.95    7.01    7.08    7.19    7.50    7.83    8.32          121286   N   2     0     0     0 G 0
 CH3         35.41    46.40     9.30   10.06   10.82   11.55   12.93   14.15   16.33   CBS-Q 07/01     C   1 H   3     0     0 G 0
 CH4        -17.90    44.47     8.43    9.84   11.14   12.41   15.00   17.25   20.63          121286   C   1 H   4     0     0 G 0
 C2         200.24    47.64    10.27    9.49    8.94    8.60    8.45    8.62    8.93          121286   C   2     0     0     0 G 0
 C2H        136.03    50.17     9.21    9.79   10.31   10.78   11.56   12.14   12.96   CBS-Q 07/01     C   2 H   1     0     0 G 0
 C2H2        54.19    48.66    11.32   12.47   13.39   14.15   15.32   16.21   17.94   HR11/99BLYP00   C   2 H   2     0     0 G 0
 C2H3        71.60    55.90    10.47   12.37   13.99   15.37   17.57   19.20   21.86   CBS-Q 07/01     C   2 H   3     0     0 G 0
 C2H4        12.54    52.38    10.23   12.79   14.94   16.83   20.05   22.51   26.22          121286   C   2 H   4     0     0 G 0
 C2H5        29.30    59.38    12.36   14.88   17.19   19.29   22.88   25.72   30.21   CBS-Q 07/01     C   2 H   5     0     0 G 1
 C2H6       -20.04    54.73    12.58   15.69   18.62   21.30   25.82   29.30   34.61          121686   C   2 H   6     0     0 G 1
 C3H2       129.59    62.99    15.94   17.36   18.47   19.34   20.58   21.45   23.16   CBS-Q 07/01     C   3 H   2     0     0 G 0
 H2CCCH      82.12    61.61    15.62   17.74   19.49   20.94   23.16   24.79   27.57   CBS-Q 07/01     C   3 H   3     0     0 G 0
 C3H4        43.89    57.86    13.79   16.81   19.40   21.61   25.12   27.72   31.81   CBS-Q 07/01     C   3 H   4     0     0 G 0
 C3H5        40.85    62.04    15.61   19.35   22.49   25.13   29.23   32.20   36.76   CBS-Q 07/01     C   3 H   5     0     0 G 1
 C3H6         5.43    63.59    15.24   19.05   22.44   25.46   30.46   34.30   40.23   CBS-Q 07/01     C   3 H   6     0     0 G 1
 NC3H7       24.64    69.35    17.40   21.61   25.32   28.58   33.93   38.02   44.44   CBS-Q 07/01     C   3 H   7     0     0 G 2
 IC3H7       21.83    68.75    16.35   20.35   24.02   27.34   32.99   37.40   44.12   CBS-Q 07/01     C   3 H   7     0     0 G 2
 C3H8       -24.82    64.57    17.67   22.49   26.86   30.74   37.01   41.73   48.83          120186   C   3 H   8     0     0 G 2
